<?xml version="1.0" encoding="UTF-8"?>
<testsuite xmlns:xsi="http://www.w3.org/2001/XMLSchema-instance" xsi:noNamespaceSchemaLocation="https://maven.apache.org/surefire/maven-surefire-plugin/xsd/surefire-test-report-3.0.xsd" version="3.0" name="com.todo.todowebapp.DumpDataTest" time="0.902" tests="1" errors="0" skipped="0" failures="0">
  <properties>
[...]
</properties>
  <testcase name="dumpAivenData" classname="com.todo.todowebapp.DumpDataTest" time="0.869">
    <system-out><![CDATA[=== CONNECTING TO AIVEN SQL ===
Connected successfully!

--- TABLE: users ---
id	contact_number	email	full_name	password	password_reset_allowed	password_reset_granted_at	role	username	manager_id	
1			Test Manager (Full Control)	$2a$10$bHX1WyUxF6L3LF3UJW7g6eohMKIaepUnbXtX6IkeE5/31AQ2bwGga	0	null	ROLE_ADMIN	generalmanager	null	
4	+91 8754457732	careerschoolhr2@gmail.com	Krishnakumar	$2a$10$yW/JKxy5XUidXsoBbEYluOr7XVQgp7wXPUEvOMhWo5ipz/8WwR1ae	0	null	ROLE_MANAGER	Krishna	null	
8	+91 7904923601	careerschoolhr14@gmail.com	Ganesh Venkatesan	$2a$10$USJDHX9xGRRsyc3toL1nbOjzW8koW2mDIkGJMb0sj4A3ITNuvotQ6	0	null	ROLE_MANAGER	Ganesh	null	
9	+91 8838048345	careerschoolhr8@gmail.com	Sandhya Chejarla	$2a$10$/nwboBPyYY9siijRivgM0eKpXWvFER9nsFxnR/y1JqiFjyt3reawK	0	null	ROLE_EMPLOYEE	Sandhya	4	
Total rows: 4

--- TABLE: tasks ---
id	created_date	description	due_date	last_updated_date	on_hold_requested	priority	status	title	assigned_by_id	assigned_to_id	
7	2026-07-09 07:53:04.229903	co ordinate with L&D & TA team to take pics and videos of CTS drive	2026-07-11 10:59:00	2026-07-14 06:31:45.005686	0	HIGH	COMPLETED	Capture CTS drive Photos	4	4	
12	2026-07-09 11:03:17.938653	Travel and Accomodation expenses has to be done for Beebjan, Total - 2,018/-	2026-07-10 23:59:00	2026-07-14 06:32:13.075168	0	MEDIUM	COMPLETED	Reimbursement	8	8	
13	2026-07-09 11:05:28.925938	Billing confirmation mail has to be sent to Ienergizer for one candidate	2026-07-10 23:59:00	2026-07-14 06:32:05.099132	0	HIGH	COMPLETED	TA Billing	8	8	
14	2026-07-09 12:41:10.254496	ICC for DM intern - Saisrikar	2026-07-10 23:59:00	2026-07-14 06:31:57.217363	0	MEDIUM	COMPLETED	Internship Completion Certificate	8	8	
15	2026-07-09 12:42:03.895883	CCC for MITS College 3rd batch students	2026-07-10 23:59:00	2026-07-14 06:31:49.122574	0	MEDIUM	COMPLETED	Course Completion Certificate	8	8	
16	2026-07-09 13:34:48.863473	Prepare a design for common pamphlet with careerschool jobs and trainings especially for Walkin drive distributions.	2026-07-09 23:59:00	2026-07-14 06:31:36.684251	0	HIGH	COMPLETED	Common Pamphlet	4	4	
17	2026-07-09 13:35:58.042731	Prepare a awareness poster for fakejobs, backdoor jobs or no charges for jobs

Poster size: A2	2026-07-09 23:59:00	2026-07-10 04:35:56.503557	0	HIGH	OVERDUE	Backdoor Jobs Awareness Poster	4	4	
18	2026-07-10 04:38:46.299050	Order has to be place for pamphlet to divyashree printers and get quotation	2026-07-10 23:59:00	2026-07-14 06:31:37.656773	0	HIGH	COMPLETED	Pamphlets	8	8	
19	2026-07-10 04:39:21.879417	Get approval and do recharge for Sravan's sim card	2026-07-10 23:59:00	2026-07-14 06:30:38.259284	0	MEDIUM	COMPLETED	Recharge	8	8	
20	2026-07-14 06:33:59.082478	Prepare and post 2nd CTS drive photos in social media	2026-07-11 23:59:00	2026-07-14 06:34:07.400194	0	HIGH	COMPLETED	CTS Drive 2 Post	4	4	
21	2026-07-14 06:34:59.827724	Prepare a HR Freshers Walkin Drive poster for circulation	2026-07-13 23:59:00	2026-07-14 06:35:06.911948	0	HIGH	COMPLETED	HR freshers Drive Poster	4	4	
22	2026-07-14 06:35:58.812610	Upload new drive pics and photos in the google my business page	2026-07-13 23:59:00	2026-07-14 06:36:05.899076	0	MEDIUM	COMPLETED	GMB SEO	4	4	
24	2026-07-15 06:02:59.769798	Prepare a Email Campaign for DA Lead gen	2026-07-14 13:00:00	2026-07-15 06:03:35.214706	0	MEDIUM	OVERDUE	DA Email Campaign	4	4	
Total rows: 13

--- TABLE: comments ---
id	author	content	created_date	task_id	
Total rows: 0

--- TABLE: audit_logs ---
id	action	details	performed_by	timestamp	
1	CREATE_USER	Created user: generalmanager with role: ROLE_ADMIN	SYSTEM	2026-07-09 06:04:07.885684	
2	CREATE_USER	Created user: manager with role: ROLE_MANAGER	SYSTEM	2026-07-09 06:04:09.578525	
3	CREATE_USER	Created user: employee with role: ROLE_EMPLOYEE	SYSTEM	2026-07-09 06:04:10.979799	
4	CREATE_TASK	Created task 'Complete Q2 Financial Analysis' (ID: 1) assigned to: employee	SYSTEM	2026-07-09 06:04:11.879622	
5	CREATE_TASK	Created task 'Verify Environment Setup' (ID: 2) assigned to: employee	SYSTEM	2026-07-09 06:04:12.221646	
6	ADD_COMMENT	Added comment to task ID 1: "Working on compiling the sprea..."	employee	2026-07-09 06:04:12.979131	
7	CREATE_TASK	Created task 'Review Dashboard Interface Layout' (ID: 3) assigned to: employee	SYSTEM	2026-07-09 06:04:13.479240	
8	DELETE_TASK	Deleted task 'Verify Environment Setup' (ID: 2)	generalmanager	2026-07-09 07:18:08.176901	
9	DELETE_TASK	Deleted task 'Review Dashboard Interface Layout' (ID: 3)	manager	2026-07-09 07:18:39.231373	
10	DELETE_TASK	Deleted task 'Complete Q2 Financial Analysis' (ID: 1)	manager	2026-07-09 07:18:46.777256	
11	DELETE_USER	Deleted user: employee	generalmanager	2026-07-09 07:29:03.099781	
12	DELETE_USER	Deleted user: manager	generalmanager	2026-07-09 07:29:07.238491	
13	UPDATE_PROFILE	Updated profile details for: generalmanager	generalmanager	2026-07-09 07:29:32.537812	
14	UPDATE_PROFILE	Updated profile details for: generalmanager	generalmanager	2026-07-09 07:36:31.640586	
15	CREATE_USER	Created user: Krishna with role: ROLE_MANAGER	generalmanager	2026-07-09 07:37:12.372315	
16	CREATE_USER	Created user: Sandhya with role: ROLE_EMPLOYEE	generalmanager	2026-07-09 07:37:47.113302	
17	CREATE_USER	Created user: Ganesh with role: ROLE_MANAGER	generalmanager	2026-07-09 07:38:27.073724	
18	UPDATE_PASSWORD	Updated password for: Sandhya	generalmanager	2026-07-09 07:40:44.780107	
19	DELETE_USER	Deleted user: Sandhya	generalmanager	2026-07-09 07:41:17.563529	
20	UPDATE_PROFILE	Updated profile details for: Krishna	Krishna	2026-07-09 07:41:46.748958	
21	CREATE_USER	Created user: Sandhya with role: ROLE_EMPLOYEE	generalmanager	2026-07-09 07:42:09.616709	
22	UPDATE_PASSWORD	Updated password for: Sandhya	generalmanager	2026-07-09 07:43:16.979114	
23	UPDATE_PROFILE	Updated profile details for: Sandhya	Sandhya	2026-07-09 07:44:22.093756	
24	UPDATE_PROFILE	Updated profile details for: Ganesh	Ganesh	2026-07-09 07:45:33.098399	
25	CREATE_TASK	Created task 'Update Data Analytics Brochure Title' (ID: 4) assigned to: Krishna	Krishna	2026-07-09 07:50:28.955667	
26	CREATE_TASK	Created task 'demo' (ID: 5) assigned to: Krishna	Krishna	2026-07-09 07:51:16.606784	
27	CREATE_TASK	Created task 'test' (ID: 6) assigned to: Krishna	Krishna	2026-07-09 07:51:28.568970	
28	CREATE_TASK	Created task 'Capture CTS drive Photos' (ID: 7) assigned to: Krishna	Krishna	2026-07-09 07:53:04.273396	
29	CREATE_TASK	Created task 'lead gen' (ID: 8) assigned to: Sandhya	Krishna	2026-07-09 07:53:34.226749	
30	UPDATE_TASK_STATUS	Updated task ID 7 status from PENDING to COMPLETED	Krishna	2026-07-09 07:56:15.217956	
31	UPDATE_TASK_STATUS	Updated task ID 7 status from COMPLETED to COMPLETED	Krishna	2026-07-09 07:56:16.024389	
32	UPDATE_TASK_STATUS	Updated task ID 6 status from PENDING to IN_PROGRESS	Krishna	2026-07-09 07:56:22.938671	
33	ADD_COMMENT	Added comment to task ID 6: "still in testing"	Krishna	2026-07-09 07:56:36.710432	
34	UPDATE_TASK_STATUS	Updated task ID 5 status from PENDING to ON_HOLD	Krishna	2026-07-09 07:56:59.851820	
35	UPDATE_TASK_STATUS	Updated task ID 5 status from ON_HOLD to IN_PROGRESS	Krishna	2026-07-09 07:57:07.462271	
36	UPDATE_TASK_STATUS	Updated task ID 5 status from IN_PROGRESS to ON_HOLD	Krishna	2026-07-09 07:57:12.350747	
37	HOLD_REQUESTED	Requested hold status for task ID 8	Krishna	2026-07-09 07:57:49.082365	
38	HOLD_REQUEST_ACCEPTED	Responded to hold request for task ID 8 (Approved: true)	Krishna	2026-07-09 07:58:02.900688	
39	UPDATE_TASK_STATUS	Updated task ID 8 status from ON_HOLD to IN_PROGRESS	Krishna	2026-07-09 07:58:07.318213	
40	HOLD_REQUESTED	Requested hold status for task ID 8	Krishna	2026-07-09 07:58:16.004258	
41	HOLD_REQUEST_REJECTED	Responded to hold request for task ID 8 (Approved: false)	Krishna	2026-07-09 07:58:20.443473	
42	UPDATE_TASK	Updated fields for task ID 4: Due Date (2026-07-09T23:59 -> 2026-07-08T23:59) 	Krishna	2026-07-09 08:00:15.314558	
43	SYSTEM_OVERDUE	Task ID 4 marked as OVERDUE due to passing deadline.	SYSTEM	2026-07-09 08:00:16.085618	
44	DELETE_TASK	Deleted task 'lead gen' (ID: 8)	Krishna	2026-07-09 10:16:36.649935	
45	DELETE_TASK	Deleted task 'test' (ID: 6)	Krishna	2026-07-09 10:16:47.448704	
46	DELETE_TASK	Deleted task 'demo' (ID: 5)	Krishna	2026-07-09 10:16:55.472101	
47	DELETE_TASK	Deleted task 'Update Data Analytics Brochure Title' (ID: 4)	Krishna	2026-07-09 10:17:04.099267	
48	CREATE_TASK	Created task 'Payroll' (ID: 9) assigned to: Sandhya	Krishna	2026-07-09 10:25:50.184871	
49	CREATE_TASK	Created task 'Data Analytics Poster' (ID: 10) assigned to: Sandhya	Krishna	2026-07-09 10:28:38.607750	
50	CREATE_TASK	Created task 'Data Analytics Poster' (ID: 11) assigned to: Sandhya	Krishna	2026-07-09 10:28:39.480248	
51	DELETE_TASK	Deleted task 'Data Analytics Poster' (ID: 10)	Krishna	2026-07-09 10:30:55.361765	
52	UPDATE_TASK	Updated fields for task ID 7: Status (COMPLETED -> PENDING) 	Krishna	2026-07-09 10:34:25.725097	
53	PERMISSION_CHANGE	Granted password reset permission for user: Sandhya	Krishna	2026-07-09 10:36:47.572248	
54	PERMISSION_CHANGE	Revoked password reset permission for user: Sandhya	Krishna	2026-07-09 10:36:50.101358	
55	UPDATE_TASK_STATUS	Updated task ID 11 status from PENDING to IN_PROGRESS	Sandhya	2026-07-09 10:44:17.639498	
56	UPDATE_TASK_STATUS	Updated task ID 11 status from IN_PROGRESS to COMPLETED	Sandhya	2026-07-09 10:44:25.994526	
57	UPDATE_TASK	Updated fields for task ID 11: Status (COMPLETED -> PENDING) 	Krishna	2026-07-09 10:44:46.564697	
58	HOLD_REQUESTED	Requested hold status for task ID 11	Sandhya	2026-07-09 10:45:25.239443	
59	DELETE_TASK	Deleted task 'Data Analytics Poster' (ID: 11)	Krishna	2026-07-09 10:50:43.619809	
60	DELETE_TASK	Deleted task 'Payroll' (ID: 9)	Krishna	2026-07-09 10:50:51.500758	
61	CREATE_TASK	Created task 'Reimbursement' (ID: 12) assigned to: Ganesh	Ganesh	2026-07-09 11:03:18.039125	
62	CREATE_TASK	Created task 'TA Billing' (ID: 13) assigned to: Ganesh	Ganesh	2026-07-09 11:05:28.966920	
63	CREATE_TASK	Created task 'Internship Completion Certificate' (ID: 14) assigned to: Ganesh	Ganesh	2026-07-09 12:41:10.567505	
64	CREATE_TASK	Created task 'Course Completion Certificate' (ID: 15) assigned to: Ganesh	Ganesh	2026-07-09 12:42:03.937333	
65	CREATE_TASK	Created task 'Common Pamphlet' (ID: 16) assigned to: Krishna	Krishna	2026-07-09 13:34:49.559794	
66	CREATE_TASK	Created task 'Backdoor Jobs Awareness Poster' (ID: 17) assigned to: Krishna	Krishna	2026-07-09 13:35:58.085329	
67	SYSTEM_OVERDUE	Task ID 16 marked as OVERDUE due to passing deadline.	SYSTEM	2026-07-10 04:35:55.801491	
68	SYSTEM_OVERDUE	Task ID 17 marked as OVERDUE due to passing deadline.	SYSTEM	2026-07-10 04:35:56.401830	
69	CREATE_TASK	Created task 'Pamphlets' (ID: 18) assigned to: Ganesh	Ganesh	2026-07-10 04:38:46.344067	
70	CREATE_TASK	Created task 'Recharge' (ID: 19) assigned to: Ganesh	Ganesh	2026-07-10 04:39:21.921935	
71	SYSTEM_OVERDUE	Task ID 7 marked as OVERDUE due to passing deadline.	SYSTEM	2026-07-14 06:10:59.778206	
72	SYSTEM_OVERDUE	Task ID 12 marked as OVERDUE due to passing deadline.	SYSTEM	2026-07-14 06:11:00.078798	
73	SYSTEM_OVERDUE	Task ID 13 marked as OVERDUE due to passing deadline.	SYSTEM	2026-07-14 06:11:00.175486	
74	SYSTEM_OVERDUE	Task ID 14 marked as OVERDUE due to passing deadline.	SYSTEM	2026-07-14 06:11:00.219669	
75	SYSTEM_OVERDUE	Task ID 15 marked as OVERDUE due to passing deadline.	SYSTEM	2026-07-14 06:11:00.317146	
76	SYSTEM_OVERDUE	Task ID 18 marked as OVERDUE due to passing deadline.	SYSTEM	2026-07-14 06:11:00.473626	
77	SYSTEM_OVERDUE	Task ID 19 marked as OVERDUE due to passing deadline.	SYSTEM	2026-07-14 06:11:00.573694	
78	UPDATE_TASK_STATUS	Updated task ID 19 status from OVERDUE to COMPLETED	Ganesh	2026-07-14 06:30:37.360030	
79	UPDATE_TASK_STATUS	Updated task ID 19 status from OVERDUE to COMPLETED	Ganesh	2026-07-14 06:30:38.357230	
80	UPDATE_TASK_STATUS	Updated task ID 16 status from OVERDUE to COMPLETED	Krishna	2026-07-14 06:31:36.640150	
81	UPDATE_TASK_STATUS	Updated task ID 18 status from OVERDUE to COMPLETED	Ganesh	2026-07-14 06:31:37.479122	
82	UPDATE_TASK_STATUS	Updated task ID 7 status from OVERDUE to COMPLETED	Krishna	2026-07-14 06:31:44.963994	
83	UPDATE_TASK_STATUS	Updated task ID 15 status from OVERDUE to COMPLETED	Ganesh	2026-07-14 06:31:49.081428	
84	UPDATE_TASK_STATUS	Updated task ID 14 status from OVERDUE to COMPLETED	Ganesh	2026-07-14 06:31:57.176150	
85	UPDATE_TASK_STATUS	Updated task ID 13 status from OVERDUE to COMPLETED	Ganesh	2026-07-14 06:32:05.057569	
86	UPDATE_TASK_STATUS	Updated task ID 12 status from OVERDUE to COMPLETED	Ganesh	2026-07-14 06:32:13.032866	
87	CREATE_TASK	Created task 'CTS Drive 2 Post' (ID: 20) assigned to: Krishna	Krishna	2026-07-14 06:33:59.147485	
88	SYSTEM_OVERDUE	Task ID 20 marked as OVERDUE due to passing deadline.	SYSTEM	2026-07-14 06:33:59.685213	
89	UPDATE_TASK_STATUS	Updated task ID 20 status from OVERDUE to COMPLETED	Krishna	2026-07-14 06:34:07.356620	
90	CREATE_TASK	Created task 'HR freshers Drive Poster' (ID: 21) assigned to: Krishna	Krishna	2026-07-14 06:34:59.868380	
91	SYSTEM_OVERDUE	Task ID 21 marked as OVERDUE due to passing deadline.	SYSTEM	2026-07-14 06:35:00.407844	
92	UPDATE_TASK_STATUS	Updated task ID 21 status from OVERDUE to COMPLETED	Krishna	2026-07-14 06:35:06.868866	
93	CREATE_TASK	Created task 'GMB SEO' (ID: 22) assigned to: Krishna	Krishna	2026-07-14 06:35:58.859183	
94	SYSTEM_OVERDUE	Task ID 22 marked as OVERDUE due to passing deadline.	SYSTEM	2026-07-14 06:35:59.413667	
95	UPDATE_TASK_STATUS	Updated task ID 22 status from OVERDUE to COMPLETED	Krishna	2026-07-14 06:36:05.858624	
96	CREATE_TASK	Created task 'DA Email Campaign' (ID: 23) assigned to: Krishna	Krishna	2026-07-15 06:02:59.175717	
97	CREATE_TASK	Created task 'DA Email Campaign' (ID: 24) assigned to: Krishna	Krishna	2026-07-15 06:02:59.969563	
98	SYSTEM_OVERDUE	Task ID 23 marked as OVERDUE due to passing deadline.	SYSTEM	2026-07-15 06:03:00.974503	
99	SYSTEM_OVERDUE	Task ID 24 marked as OVERDUE due to passing deadline.	SYSTEM	2026-07-15 06:03:01.570082	
100	SYSTEM_OVERDUE	Task ID 23 marked as OVERDUE due to passing deadline.	SYSTEM	2026-07-15 06:03:02.071728	
101	SYSTEM_OVERDUE	Task ID 24 marked as OVERDUE due to passing deadline.	SYSTEM	2026-07-15 06:03:02.168655	
102	UPDATE_TASK	Updated fields for task ID 24: Due Date (2026-07-15T11:32 -> 2026-07-14T18:30) 	Krishna	2026-07-15 06:03:35.170504	
103	DELETE_TASK	Deleted task 'DA Email Campaign' (ID: 23)	Krishna	2026-07-15 06:03:53.936307	
104	PERMISSION_CHANGE	Granted password reset permission for user: Sandhya	Krishna	2026-07-15 13:08:51.043130	
105	PERMISSION_CHANGE	Revoked password reset permission for user: Sandhya	Krishna	2026-07-15 13:08:54.236214	
106	PERMISSION_CHANGE	Granted password reset permission for user: Sandhya	Krishna	2026-07-16 06:12:32.775512	
107	PERMISSION_CHANGE	Revoked password reset permission for user: Sandhya	Krishna	2026-07-16 06:12:35.652099	
108	PERMISSION_CHANGE	Granted password reset permission for user: Ganesh	generalmanager	2026-07-16 06:24:48.227291	
109	PERMISSION_CHANGE	Revoked password reset permission for user: Ganesh	generalmanager	2026-07-16 06:24:50.288746	
110	UPDATE_PASSWORD	Updated password for: Krishna	Krishna	2026-07-16 06:25:33.933411	
111	CREATE_USER	Created user: Hello with role: ROLE_EMPLOYEE	generalmanager	2026-07-16 13:08:43.946405	
112	UPDATE_PASSWORD	Updated password for: Hello	Hello	2026-07-16 13:09:43.153139	
113	DELETE_USER	Deleted user: Hello	generalmanager	2026-07-17 05:38:55.232041	
Total rows: 113

--- TABLE: user_pinned_tasks ---
user_id	task_id	
Total rows: 0
]]></system-out>
  </testcase>
</testsuite>